<?xml version="1.0" encoding="UTF-8"?>
<!-- Generated by org.testng.reporters.JUnitReportReporter -->
<testsuite skipped="0" hostname="USTASPC" name="by.epam.hotel.pool.ConnectionPoolTest" tests="4" failures="0" timestamp="11 Oct 2018 15:53:34 GMT" time="0.057" errors="0">
  <testcase name="ClonePoolTest" time="0.011" classname="by.epam.hotel.pool.ConnectionPoolTest"/>
  <testcase name="getInstanceTest" time="0.015" classname="by.epam.hotel.pool.ConnectionPoolTest"/>
  <testcase name="getConnectionTest" time="0.021" classname="by.epam.hotel.pool.ConnectionPoolTest"/>
  <testcase name="destroyPoolTest" time="0.010" classname="by.epam.hotel.pool.ConnectionPoolTest"/>
</testsuite> <!-- by.epam.hotel.pool.ConnectionPoolTest -->
