<?xml version="1.0" encoding="UTF-8"?>
<!-- Generated by org.testng.reporters.JUnitReportReporter -->
<testsuite skipped="0" hostname="USTASPC" name="by.epam.hotel.pool.ConnectionPoolTest" tests="4" failures="0" timestamp="14 Oct 2018 19:24:37 GMT" time="0.140" errors="0">
  <testcase name="ClonePoolTest" time="0.011" classname="by.epam.hotel.pool.ConnectionPoolTest"/>
  <testcase name="getInstanceTest" time="0.021" classname="by.epam.hotel.pool.ConnectionPoolTest"/>
  <testcase name="getConnectionTest" time="0.099" classname="by.epam.hotel.pool.ConnectionPoolTest"/>
  <testcase name="destroyPoolTest" time="0.009" classname="by.epam.hotel.pool.ConnectionPoolTest"/>
</testsuite> <!-- by.epam.hotel.pool.ConnectionPoolTest -->
