<?xml version="1.0" encoding="UTF-8"?>
<!-- Generated by org.testng.reporters.JUnitReportReporter -->
<testsuite skipped="0" hostname="USTASPC" name="by.epam.hotel.util.MessageManagerTest" tests="1" failures="0" timestamp="11 Oct 2018 17:55:41 GMT" time="0.026" errors="0">
  <testcase name="f" time="0.026" classname="by.epam.hotel.util.MessageManagerTest"/>
</testsuite> <!-- by.epam.hotel.util.MessageManagerTest -->
