<?xml version="1.0" encoding="UTF-8"?>
<!-- Generated by org.testng.reporters.JUnitReportReporter -->
<testsuite skipped="0" hostname="USTASPC" name="by.epam.hotel.util.MessageManagerTest" tests="1" failures="0" timestamp="12 Oct 2018 14:10:00 GMT" time="0.100" errors="0">
  <testcase name="f" time="0.100" classname="by.epam.hotel.util.MessageManagerTest"/>
</testsuite> <!-- by.epam.hotel.util.MessageManagerTest -->
