<?xml version="1.0" encoding="UTF-8"?>
<!-- Generated by org.testng.reporters.JUnitReportReporter -->
<testsuite skipped="0" hostname="USTASPC" name="by.epam.hotel.util.ValidatorTest" tests="29" failures="0" timestamp="11 Oct 2018 13:43:48 GMT" time="0.094" errors="0">
  <testcase name="validateLoginNegativeTest" time="0.001" classname="by.epam.hotel.util.ValidatorTest"/>
  <testcase name="validateEmailNegativeTest" time="0.003" classname="by.epam.hotel.util.ValidatorTest"/>
  <testcase name="validateEmailConfirmationKeyNegativeTest" time="0.002" classname="by.epam.hotel.util.ValidatorTest"/>
  <testcase name="validateEmailPositiveTest" time="0.004" classname="by.epam.hotel.util.ValidatorTest"/>
  <testcase name="validateEmailConfirmationKeyPositiveTest" time="0.003" classname="by.epam.hotel.util.ValidatorTest"/>
  <testcase name="validateEmailConfirmationKeyNegativeTest" time="0.003" classname="by.epam.hotel.util.ValidatorTest"/>
  <testcase name="validateLoginNegativeTest" time="0.001" classname="by.epam.hotel.util.ValidatorTest"/>
  <testcase name="validatePasswordPositiveTest" time="0.007" classname="by.epam.hotel.util.ValidatorTest"/>
  <testcase name="validateCurrencyPositiveTest" time="0.003" classname="by.epam.hotel.util.ValidatorTest"/>
  <testcase name="validateEmailConfirmationKeyPositiveTest" time="0.002" classname="by.epam.hotel.util.ValidatorTest"/>
  <testcase name="validatePasswordNegativeTest" time="0.000" classname="by.epam.hotel.util.ValidatorTest"/>
  <testcase name="validateCurrencyNegativeTest" time="0.003" classname="by.epam.hotel.util.ValidatorTest"/>
  <testcase name="validateEmailConfirmationKeyNegativeTest" time="0.002" classname="by.epam.hotel.util.ValidatorTest"/>
  <testcase name="validateEmailPositiveTest" time="0.002" classname="by.epam.hotel.util.ValidatorTest"/>
  <testcase name="validatePasswordPositiveTest" time="0.006" classname="by.epam.hotel.util.ValidatorTest"/>
  <testcase name="validateEmailPositiveTest" time="0.002" classname="by.epam.hotel.util.ValidatorTest"/>
  <testcase name="validateCurrencyPositiveTest" time="0.003" classname="by.epam.hotel.util.ValidatorTest"/>
  <testcase name="validateEmailConfirmationKeyPositiveTest" time="0.003" classname="by.epam.hotel.util.ValidatorTest"/>
  <testcase name="validateCurrencyNegativeTest" time="0.026" classname="by.epam.hotel.util.ValidatorTest"/>
  <testcase name="validateLoginNegativeTest" time="0.001" classname="by.epam.hotel.util.ValidatorTest"/>
  <testcase name="validateEmailNegativeTest" time="0.002" classname="by.epam.hotel.util.ValidatorTest"/>
  <testcase name="validateLoginPositiveTest" time="0.001" classname="by.epam.hotel.util.ValidatorTest"/>
  <testcase name="validatePasswordPositiveTest" time="0.002" classname="by.epam.hotel.util.ValidatorTest"/>
  <testcase name="validatePasswordNegativeTest" time="0.002" classname="by.epam.hotel.util.ValidatorTest"/>
  <testcase name="validateCurrencyNegativeTest" time="0.003" classname="by.epam.hotel.util.ValidatorTest"/>
  <testcase name="validateEmailNegativeTest" time="0.002" classname="by.epam.hotel.util.ValidatorTest"/>
  <testcase name="validatePasswordNegativeTest" time="0.002" classname="by.epam.hotel.util.ValidatorTest"/>
  <testcase name="validateCurrencyPositiveTest" time="0.002" classname="by.epam.hotel.util.ValidatorTest"/>
  <testcase name="validateLoginPositiveTest" time="0.001" classname="by.epam.hotel.util.ValidatorTest"/>
</testsuite> <!-- by.epam.hotel.util.ValidatorTest -->
